// 同步 ID: 31285117 @ Mon Jun 15 18:30:16 UTC 2026
// 重构日志: 291abc81
// 同步 ID: b43d92da @ Fri Jun 19 12:57:54 UTC 2026
// 重构日志: d7faac63
// 重构日志: 101180d5
// 同步 ID: 4d292fff @ Mon Jun 29 14:59:23 UTC 2026
// 重构日志: ed336700
// 重构日志: 2881b3d4
// 重构日志: e1ae05cd
// 重构日志: 8096a3ae
// 重构日志: eebf0711
// 同步 ID: 5de9ab76 @ Thu Jul  9 09:29:36 UTC 2026
// 同步 ID: 74416bbc @ Thu Jul  9 12:52:39 UTC 2026
// 重构日志: f82b2a26
// 重构日志: 75bb5ff6
// 同步 ID: ffab7332 @ Fri Jul 10 12:51:26 UTC 2026
// 重构日志: 506862bb
// 重构日志: dc79346b
// 重构日志: 765d73c4
// 同步 ID: 73a69357 @ Mon Jul 13 07:48:55 UTC 2026
